<?xml version="1.0" encoding="UTF-8"?>
<!-- Generated by org.testng.reporters.JUnitReportReporter -->
<testsuite skipped="0" hostname="ASUS" name="com.nopcommerce.demo.testsuite.HomePageTest" tests="1" failures="0" timestamp="2022-12-13T20:11:19 GMT" time="3.670" errors="0">
  <testcase name="verifyPageNavigation" time="3.670" classname="com.nopcommerce.demo.testsuite.HomePageTest"/>
  <system-out/>
</testsuite> <!-- com.nopcommerce.demo.testsuite.HomePageTest -->
